[01m[K/home/emma/turtlebot3_rl_ws/src/contact_plugin/src/contact_plugin.cpp:[m[K In member function â€˜[01m[Kvoid gazebo::ContactPlugin::OnUpdate()[m[Kâ€™:
[01m[K/home/emma/turtlebot3_rl_ws/src/contact_plugin/src/contact_plugin.cpp:72:44:[m[K [01;31m[Kerror: [m[Kâ€˜[01m[Kin_collision_[m[Kâ€™ was not declared in this scope; did you mean â€˜[01m[KCollision[m[Kâ€™?
   72 |         if (contacts.contact_size() > 0 && [01;31m[Kin_collision_[m[K) {
      |                                            [01;31m[K^~~~~~~~~~~~~[m[K
      |                                            [32m[KCollision[m[K
gmake[2]: *** [CMakeFiles/contact_plugin.dir/build.make:76: CMakeFiles/contact_plugin.dir/src/contact_plugin.cpp.o] Error 1
gmake[1]: *** [CMakeFiles/Makefile2:137: CMakeFiles/contact_plugin.dir/all] Error 2
gmake: *** [Makefile:146: all] Error 2
