[0.091s] Invoking command in '/home/emma/turtlebot3_rl_ws/build/contact_plugin': /usr/bin/cmake --build /home/emma/turtlebot3_rl_ws/build/contact_plugin -- -j4 -l4
[0.252s] [35m[1mConsolidate compiler generated dependencies of target contact_plugin[0m
[0.322s] [ 50%] [32mBuilding CXX object CMakeFiles/contact_plugin.dir/src/contact_plugin.cpp.o[0m
[16.744s] [01m[K/home/emma/turtlebot3_rl_ws/src/contact_plugin/src/contact_plugin.cpp:[m[K In member function â€˜[01m[Kvoid gazebo::ContactPlugin::OnUpdate()[m[Kâ€™:
[16.744s] [01m[K/home/emma/turtlebot3_rl_ws/src/contact_plugin/src/contact_plugin.cpp:72:44:[m[K [01;31m[Kerror: [m[Kâ€˜[01m[Kin_collision_[m[Kâ€™ was not declared in this scope; did you mean â€˜[01m[KCollision[m[Kâ€™?
[16.744s]    72 |         if (contacts.contact_size() > 0 && [01;31m[Kin_collision_[m[K) {
[16.744s]       |                                            [01;31m[K^~~~~~~~~~~~~[m[K
[16.745s]       |                                            [32m[KCollision[m[K
[21.315s] gmake[2]: *** [CMakeFiles/contact_plugin.dir/build.make:76: CMakeFiles/contact_plugin.dir/src/contact_plugin.cpp.o] Error 1
[21.316s] gmake[1]: *** [CMakeFiles/Makefile2:137: CMakeFiles/contact_plugin.dir/all] Error 2
[21.318s] gmake: *** [Makefile:146: all] Error 2
[21.336s] Invoked command in '/home/emma/turtlebot3_rl_ws/build/contact_plugin' returned '2': /usr/bin/cmake --build /home/emma/turtlebot3_rl_ws/build/contact_plugin -- -j4 -l4
