[35m[1mConsolidate compiler generated dependencies of target train_reset_plugin[0m
[ 50%] [32mBuilding CXX object CMakeFiles/train_reset_plugin.dir/src/train_reset_plugin.cpp.o[0m
[01m[K/home/emma/turtlebot3_rl_ws/src/train_reset_plugin/src/train_reset_plugin.cpp:[m[K In member function â€˜[01m[Kvirtual void gazebo::TrainResetPlugin::Load(gazebo::physics::ModelPtr, sdf::v9::ElementPtr)[m[Kâ€™:
[01m[K/home/emma/turtlebot3_rl_ws/src/train_reset_plugin/src/train_reset_plugin.cpp:82:7:[m[K [01;31m[Kerror: [m[Kâ€˜[01m[KEnableCollision[m[Kâ€™ was not declared in this scope; did you mean â€˜[01m[KEnableCollisions[m[Kâ€™?
   82 |       [01;31m[KEnableCollision[m[K(solid_train_link_);
      |       [01;31m[K^~~~~~~~~~~~~~~[m[K
      |       [32m[KEnableCollisions[m[K
[01m[K/home/emma/turtlebot3_rl_ws/src/train_reset_plugin/src/train_reset_plugin.cpp:[m[K In member function â€˜[01m[Kvoid gazebo::TrainResetPlugin::OnReset(std_msgs::msg::Empty_<std::allocator<void> >::SharedPtr)[m[Kâ€™:
[01m[K/home/emma/turtlebot3_rl_ws/src/train_reset_plugin/src/train_reset_plugin.cpp:121:7:[m[K [01;31m[Kerror: [m[Kâ€˜[01m[KEnableCollision[m[Kâ€™ was not declared in this scope; did you mean â€˜[01m[KEnableCollisions[m[Kâ€™?
  121 |       [01;31m[KEnableCollision[m[K(solid_train_link_);
      |       [01;31m[K^~~~~~~~~~~~~~~[m[K
      |       [32m[KEnableCollisions[m[K
[01m[K/home/emma/turtlebot3_rl_ws/src/train_reset_plugin/src/train_reset_plugin.cpp:[m[K In member function â€˜[01m[Kvoid gazebo::TrainResetPlugin::OnUpdate()[m[Kâ€™:
[01m[K/home/emma/turtlebot3_rl_ws/src/train_reset_plugin/src/train_reset_plugin.cpp:158:11:[m[K [01;31m[Kerror: [m[Kâ€˜[01m[KEnableCollision[m[Kâ€™ was not declared in this scope; did you mean â€˜[01m[KEnableCollisions[m[Kâ€™?
  158 |           [01;31m[KEnableCollision[m[K(train_link_);
      |           [01;31m[K^~~~~~~~~~~~~~~[m[K
      |           [32m[KEnableCollisions[m[K
gmake[2]: *** [CMakeFiles/train_reset_plugin.dir/build.make:76: CMakeFiles/train_reset_plugin.dir/src/train_reset_plugin.cpp.o] Error 1
gmake[1]: *** [CMakeFiles/Makefile2:137: CMakeFiles/train_reset_plugin.dir/all] Error 2
gmake: *** [Makefile:146: all] Error 2
