[0.516s] Invoking command in '/home/emma/turtlebot3_rl_ws/build/train_reset_plugin': /usr/bin/cmake --build /home/emma/turtlebot3_rl_ws/build/train_reset_plugin -- -j4 -l4
[0.585s] [35m[1mConsolidate compiler generated dependencies of target train_reset_plugin[0m
[0.648s] [ 50%] [32mBuilding CXX object CMakeFiles/train_reset_plugin.dir/src/train_reset_plugin.cpp.o[0m
[10.102s] [01m[K/home/emma/turtlebot3_rl_ws/src/train_reset_plugin/src/train_reset_plugin.cpp:[m[K In member function â€˜[01m[Kvirtual void gazebo::TrainResetPlugin::Load(gazebo::physics::ModelPtr, sdf::v9::ElementPtr)[m[Kâ€™:
[10.102s] [01m[K/home/emma/turtlebot3_rl_ws/src/train_reset_plugin/src/train_reset_plugin.cpp:82:7:[m[K [01;31m[Kerror: [m[Kâ€˜[01m[KEnableCollision[m[Kâ€™ was not declared in this scope; did you mean â€˜[01m[KEnableCollisions[m[Kâ€™?
[10.102s]    82 |       [01;31m[KEnableCollision[m[K(solid_train_link_);
[10.102s]       |       [01;31m[K^~~~~~~~~~~~~~~[m[K
[10.102s]       |       [32m[KEnableCollisions[m[K
[10.154s] [01m[K/home/emma/turtlebot3_rl_ws/src/train_reset_plugin/src/train_reset_plugin.cpp:[m[K In member function â€˜[01m[Kvoid gazebo::TrainResetPlugin::OnReset(std_msgs::msg::Empty_<std::allocator<void> >::SharedPtr)[m[Kâ€™:
[10.155s] [01m[K/home/emma/turtlebot3_rl_ws/src/train_reset_plugin/src/train_reset_plugin.cpp:121:7:[m[K [01;31m[Kerror: [m[Kâ€˜[01m[KEnableCollision[m[Kâ€™ was not declared in this scope; did you mean â€˜[01m[KEnableCollisions[m[Kâ€™?
[10.155s]   121 |       [01;31m[KEnableCollision[m[K(solid_train_link_);
[10.155s]       |       [01;31m[K^~~~~~~~~~~~~~~[m[K
[10.155s]       |       [32m[KEnableCollisions[m[K
[10.193s] [01m[K/home/emma/turtlebot3_rl_ws/src/train_reset_plugin/src/train_reset_plugin.cpp:[m[K In member function â€˜[01m[Kvoid gazebo::TrainResetPlugin::OnUpdate()[m[Kâ€™:
[10.193s] [01m[K/home/emma/turtlebot3_rl_ws/src/train_reset_plugin/src/train_reset_plugin.cpp:158:11:[m[K [01;31m[Kerror: [m[Kâ€˜[01m[KEnableCollision[m[Kâ€™ was not declared in this scope; did you mean â€˜[01m[KEnableCollisions[m[Kâ€™?
[10.193s]   158 |           [01;31m[KEnableCollision[m[K(train_link_);
[10.193s]       |           [01;31m[K^~~~~~~~~~~~~~~[m[K
[10.193s]       |           [32m[KEnableCollisions[m[K
[15.384s] gmake[2]: *** [CMakeFiles/train_reset_plugin.dir/build.make:76: CMakeFiles/train_reset_plugin.dir/src/train_reset_plugin.cpp.o] Error 1
[15.384s] gmake[1]: *** [CMakeFiles/Makefile2:137: CMakeFiles/train_reset_plugin.dir/all] Error 2
[15.386s] gmake: *** [Makefile:146: all] Error 2
[15.389s] Invoked command in '/home/emma/turtlebot3_rl_ws/build/train_reset_plugin' returned '2': /usr/bin/cmake --build /home/emma/turtlebot3_rl_ws/build/train_reset_plugin -- -j4 -l4
