[01m[K/home/emma/turtlebot3_rl_ws/src/train_reset_plugin/src/train_reset_plugin.cpp:[m[K In member function â€˜[01m[Kvoid gazebo::TrainResetPlugin::OnUpdate()[m[Kâ€™:
[01m[K/home/emma/turtlebot3_rl_ws/src/train_reset_plugin/src/train_reset_plugin.cpp:83:9:[m[K [01;31m[Kerror: [m[Kâ€˜[01m[Kelif[m[Kâ€™ was not declared in this scope
   83 |         [01;31m[Kelif[m[K (t < 4.0) { // Opening doors
      |         [01;31m[K^~~~[m[K
gmake[2]: *** [CMakeFiles/train_reset_plugin.dir/build.make:76: CMakeFiles/train_reset_plugin.dir/src/train_reset_plugin.cpp.o] Error 1
gmake[1]: *** [CMakeFiles/Makefile2:137: CMakeFiles/train_reset_plugin.dir/all] Error 2
gmake: *** [Makefile:146: all] Error 2
