[0.482s] Invoking command in '/home/emma/turtlebot3_rl_ws/build/train_reset_plugin': /usr/bin/cmake --build /home/emma/turtlebot3_rl_ws/build/train_reset_plugin -- -j4 -l4
[0.550s] [35m[1mConsolidate compiler generated dependencies of target train_reset_plugin[0m
[0.613s] [ 50%] [32mBuilding CXX object CMakeFiles/train_reset_plugin.dir/src/train_reset_plugin.cpp.o[0m
[16.798s] [01m[K/home/emma/turtlebot3_rl_ws/src/train_reset_plugin/src/train_reset_plugin.cpp:[m[K In member function â€˜[01m[Kvoid gazebo::TrainResetPlugin::OnUpdate()[m[Kâ€™:
[16.799s] [01m[K/home/emma/turtlebot3_rl_ws/src/train_reset_plugin/src/train_reset_plugin.cpp:83:9:[m[K [01;31m[Kerror: [m[Kâ€˜[01m[Kelif[m[Kâ€™ was not declared in this scope
[16.799s]    83 |         [01;31m[Kelif[m[K (t < 4.0) { // Opening doors
[16.800s]       |         [01;31m[K^~~~[m[K
[22.495s] gmake[2]: *** [CMakeFiles/train_reset_plugin.dir/build.make:76: CMakeFiles/train_reset_plugin.dir/src/train_reset_plugin.cpp.o] Error 1
[22.495s] gmake[1]: *** [CMakeFiles/Makefile2:137: CMakeFiles/train_reset_plugin.dir/all] Error 2
[22.496s] gmake: *** [Makefile:146: all] Error 2
[22.500s] Invoked command in '/home/emma/turtlebot3_rl_ws/build/train_reset_plugin' returned '2': /usr/bin/cmake --build /home/emma/turtlebot3_rl_ws/build/train_reset_plugin -- -j4 -l4
