[0.050s] Invoking command in '/home/emma/turtlebot3_rl_ws/build/contact_plugin': /usr/bin/cmake --build /home/emma/turtlebot3_rl_ws/build/contact_plugin -- -j4 -l4
[0.152s] [35m[1mConsolidate compiler generated dependencies of target contact_plugin[0m
[0.231s] [ 50%] [32mBuilding CXX object CMakeFiles/contact_plugin.dir/src/contact_plugin.cpp.o[0m
[16.804s] [01m[K/home/emma/turtlebot3_rl_ws/src/contact_plugin/src/contact_plugin.cpp:[m[K In member function â€˜[01m[Kvirtual void gazebo::ContactPlugin::Load(gazebo::sensors::SensorPtr, sdf::v9::ElementPtr)[m[Kâ€™:
[16.806s] [01m[K/home/emma/turtlebot3_rl_ws/src/contact_plugin/src/contact_plugin.cpp:43:74:[m[K [01;31m[Kerror: [m[Kâ€˜[01m[KSpinRosNode[m[Kâ€™ is not a member of â€˜[01m[Kgazebo::ContactPlugin[m[Kâ€™
[16.807s]    43 | pin_thread_ = std::make_shared<std::thread>(&ContactPlugin::[01;31m[KSpinRosNode[m[K, this);
[16.807s]       |                                                             [01;31m[K^~~~~~~~~~~[m[K
[16.807s] 
[20.740s] gmake[2]: *** [CMakeFiles/contact_plugin.dir/build.make:76: CMakeFiles/contact_plugin.dir/src/contact_plugin.cpp.o] Error 1
[20.742s] gmake[1]: *** [CMakeFiles/Makefile2:137: CMakeFiles/contact_plugin.dir/all] Error 2
[20.743s] gmake: *** [Makefile:146: all] Error 2
[20.750s] Invoked command in '/home/emma/turtlebot3_rl_ws/build/contact_plugin' returned '2': /usr/bin/cmake --build /home/emma/turtlebot3_rl_ws/build/contact_plugin -- -j4 -l4
