[0.038s] Invoking command in '/home/emma/turtlebot3_rl_ws/build/bot_reset_plugin': /usr/bin/cmake /home/emma/turtlebot3_rl_ws/src/bot_reset_plugin -DCATKIN_INSTALL_INTO_PREFIX_ROOT=0 -DCMAKE_INSTALL_PREFIX=/home/emma/turtlebot3_rl_ws/install/bot_reset_plugin
[0.466s] -- The C compiler identification is GNU 11.4.0
[0.466s] -- The CXX compiler identification is GNU 11.4.0
[0.467s] -- Detecting C compiler ABI info
[0.544s] -- Detecting C compiler ABI info - done
[0.564s] -- Check for working C compiler: /usr/bin/cc - skipped
[0.567s] -- Detecting C compile features
[0.571s] -- Detecting C compile features - done
[0.583s] -- Detecting CXX compiler ABI info
[0.755s] -- Detecting CXX compiler ABI info - done
[0.767s] -- Check for working CXX compiler: /usr/bin/c++ - skipped
[0.767s] -- Detecting CXX compile features
[0.768s] -- Detecting CXX compile features - done
[0.778s] -- Found ament_cmake: 1.3.11 (/opt/ros/humble/share/ament_cmake/cmake)
[0.964s] -- Found Python3: /usr/bin/python3 (found version "3.10.12") found components: Interpreter 
[1.179s] -- Found rclcpp: 16.0.12 (/opt/ros/humble/share/rclcpp/cmake)
[1.295s] -- Found rosidl_generator_c: 3.1.6 (/opt/ros/humble/share/rosidl_generator_c/cmake)
[1.305s] -- Found rosidl_adapter: 3.1.6 (/opt/ros/humble/share/rosidl_adapter/cmake)
[1.321s] -- Found rosidl_generator_cpp: 3.1.6 (/opt/ros/humble/share/rosidl_generator_cpp/cmake)
[1.343s] -- Using all available rosidl_typesupport_c: rosidl_typesupport_fastrtps_c;rosidl_typesupport_introspection_c
[1.372s] -- Using all available rosidl_typesupport_cpp: rosidl_typesupport_fastrtps_cpp;rosidl_typesupport_introspection_cpp
[1.458s] -- Found rmw_implementation_cmake: 6.1.2 (/opt/ros/humble/share/rmw_implementation_cmake/cmake)
[1.470s] -- Found rmw_fastrtps_cpp: 6.2.7 (/opt/ros/humble/share/rmw_fastrtps_cpp/cmake)
[1.694s] -- Found OpenSSL: /usr/lib/x86_64-linux-gnu/libcrypto.so (found version "3.0.2")  
[1.726s] -- Found FastRTPS: /opt/ros/humble/include  
[1.763s] -- Using RMW implementation 'rmw_fastrtps_cpp' as default
[1.782s] -- Looking for pthread.h
[1.878s] -- Looking for pthread.h - found
[1.879s] -- Performing Test CMAKE_HAVE_LIBC_PTHREAD
[2.035s] -- Performing Test CMAKE_HAVE_LIBC_PTHREAD - Success
[2.037s] -- Found Threads: TRUE  
[2.172s] -- Found geometry_msgs: 4.8.0 (/opt/ros/humble/share/geometry_msgs/cmake)
[2.201s] -- Found gazebo_dev: 3.9.0 (/opt/ros/humble/share/gazebo_dev/cmake)
[2.215s] -- Found PkgConfig: /usr/bin/pkg-config (found version "0.29.2") 
[2.215s] -- Checking for module 'bullet>=2.82'
[2.234s] --   Found bullet, version 3.05
[2.415s] -- Found fcl: /usr/include (found suitable version "0.7.0", minimum required is "0.5.0") 
[2.499s] -- Found assimp: /usr/include (found version "5.2.0") 
[2.543s] -- Found DART: /usr/include (Required is at least version "6.6") found components: dart 
[2.589s] -- Found Boost: /usr/lib/x86_64-linux-gnu/cmake/Boost-1.74.0/BoostConfig.cmake (found suitable version "1.74.0", minimum required is "1.40.0") found components: thread system filesystem program_options regex iostreams date_time 
[2.631s] -- Found Protobuf: /usr/lib/x86_64-linux-gnu/libprotobuf.so (found version "3.12.4") 
[2.640s] -- Looking for ignition-math6 -- found version 6.15.1
[2.659s] -- Searching for dependencies of ignition-math6
[2.670s] -- Looking for OGRE...
[2.670s] -- OGRE_PREFIX_WATCH changed.
[2.676s] -- Checking for module 'OGRE'
[2.700s] --   Found OGRE, version 1.9.0
[2.757s] -- Found Ogre Ghadamon (1.9.0)
[2.767s] -- Found OGRE: optimized;/usr/lib/x86_64-linux-gnu/libOgreMain.so;debug;/usr/lib/x86_64-linux-gnu/libOgreMain.so
[2.779s] -- Looking for OGRE_Paging...
[2.786s] -- Found OGRE_Paging: optimized;/usr/lib/x86_64-linux-gnu/libOgrePaging.so;debug;/usr/lib/x86_64-linux-gnu/libOgrePaging.so
[2.786s] -- Looking for OGRE_Terrain...
[2.789s] -- Found OGRE_Terrain: optimized;/usr/lib/x86_64-linux-gnu/libOgreTerrain.so;debug;/usr/lib/x86_64-linux-gnu/libOgreTerrain.so
[2.790s] -- Looking for OGRE_Property...
[2.795s] -- Found OGRE_Property: optimized;/usr/lib/x86_64-linux-gnu/libOgreProperty.so;debug;/usr/lib/x86_64-linux-gnu/libOgreProperty.so
[2.796s] -- Looking for OGRE_RTShaderSystem...
[2.805s] -- Found OGRE_RTShaderSystem: optimized;/usr/lib/x86_64-linux-gnu/libOgreRTShaderSystem.so;debug;/usr/lib/x86_64-linux-gnu/libOgreRTShaderSystem.so
[2.805s] -- Looking for OGRE_Volume...
[2.814s] -- Found OGRE_Volume: optimized;/usr/lib/x86_64-linux-gnu/libOgreVolume.so;debug;/usr/lib/x86_64-linux-gnu/libOgreVolume.so
[2.815s] -- Looking for OGRE_Overlay...
[2.823s] -- Found OGRE_Overlay: optimized;/usr/lib/x86_64-linux-gnu/libOgreOverlay.so;debug;/usr/lib/x86_64-linux-gnu/libOgreOverlay.so
[2.942s] -- Looking for ignition-math6 -- found version 6.15.1
[2.947s] -- Looking for ignition-transport8 -- found version 8.2.1
[2.947s] -- Searching for dependencies of ignition-transport8
[2.971s] -- Found Protobuf: /usr/lib/x86_64-linux-gnu/libprotobuf.so (found suitable version "3.12.4", minimum required is "3") 
[2.984s] -- Config-file not installed for ZeroMQ -- checking for pkg-config
[2.990s] -- Checking for module 'libzmq >= 4'
[3.019s] --   Found libzmq , version 4.3.4
[3.073s] -- Found ZeroMQ: TRUE (Required is at least version "4") 
[3.084s] -- Checking for module 'uuid'
[3.105s] --   Found uuid, version 2.37.2
[3.161s] -- Found UUID: TRUE  
[3.168s] -- Looking for ignition-msgs5 -- found version 5.8.1
[3.168s] -- Searching for dependencies of ignition-msgs5
[3.192s] -- Looking for ignition-math6 -- found version 6.15.1
[3.201s] -- Checking for module 'tinyxml2'
[3.233s] --   Found tinyxml2, version 9.0.0
[3.296s] -- Looking for ignition-msgs5 -- found version 5.8.1
[3.302s] -- Looking for ignition-common3 -- found version 3.14.0
[3.303s] -- Searching for dependencies of ignition-common3
[3.304s] -- Looking for dlfcn.h - found
[3.305s] -- Looking for libdl - found
[3.307s] -- Found DL: TRUE  
[3.324s] -- Found tinyobjloader: /usr/lib/x86_64-linux-gnu/cmake/tinyobjloader/tinyobjloader-config.cmake (found version "2.0.0") 
[3.326s] -- Searching for <ignition-common3> component [graphics]
[3.330s] -- Looking for ignition-common3-graphics -- found version 3.14.0
[3.331s] -- Searching for dependencies of ignition-common3-graphics
[3.331s] -- Looking for ignition-math6 -- found version 6.15.1
[3.337s] -- Looking for ignition-fuel_tools4 -- found version 4.4.0
[3.338s] -- Searching for dependencies of ignition-fuel_tools4
[3.459s] -- Found CURL: /usr/lib/x86_64-linux-gnu/libcurl.so (found version "7.81.0")  
[3.474s] -- Checking for module 'jsoncpp'
[3.496s] --   Found jsoncpp, version 1.9.5
[3.550s] -- Found JSONCPP: TRUE  
[3.560s] -- Checking for module 'libzip'
[3.580s] --   Found libzip, version 1.7.3
[3.636s] -- Found ZIP: TRUE  
[3.637s] -- Looking for ignition-common3 -- found version 3.14.0
[3.638s] -- Looking for ignition-math6 -- found version 6.15.1
[3.638s] -- Looking for ignition-msgs5 -- found version 5.8.1
[3.646s] -- Gazebo version: 11.10
[3.646s] -- Checking for module 'tbb'
[3.666s] --   Found tbb, version 2021.5.0
[3.720s] -- Found gazebo_ros: 3.9.0 (/opt/ros/humble/share/gazebo_ros/cmake)
[3.823s] -- Configuring done
[3.852s] -- Generating done
[3.853s] [33mCMake Warning:
[3.854s]   Manually-specified variables were not used by the project:
[3.854s] 
[3.854s]     CATKIN_INSTALL_INTO_PREFIX_ROOT
[3.854s] 
[3.854s] [0m
[3.858s] -- Build files have been written to: /home/emma/turtlebot3_rl_ws/build/bot_reset_plugin
[3.891s] Invoked command in '/home/emma/turtlebot3_rl_ws/build/bot_reset_plugin' returned '0': /usr/bin/cmake /home/emma/turtlebot3_rl_ws/src/bot_reset_plugin -DCATKIN_INSTALL_INTO_PREFIX_ROOT=0 -DCMAKE_INSTALL_PREFIX=/home/emma/turtlebot3_rl_ws/install/bot_reset_plugin
[3.892s] Invoking command in '/home/emma/turtlebot3_rl_ws/build/bot_reset_plugin': /usr/bin/cmake --build /home/emma/turtlebot3_rl_ws/build/bot_reset_plugin -- -j4 -l4
[3.982s] [ 50%] [32mBuilding CXX object CMakeFiles/bot_reset_plugin.dir/src/bot_reset_plugin.cpp.o[0m
[6.093s] [01m[K/home/emma/turtlebot3_rl_ws/src/bot_reset_plugin/src/bot_reset_plugin.cpp:5:10:[m[K [01;31m[Kfatal error: [m[Kros/ros.h: No such file or directory
[6.099s]     5 | #include [01;31m[K<ros/ros.h>[m[K
[6.099s]       |          [01;31m[K^~~~~~~~~~~[m[K
[6.099s] compilation terminated.
[6.120s] gmake[2]: *** [CMakeFiles/bot_reset_plugin.dir/build.make:76: CMakeFiles/bot_reset_plugin.dir/src/bot_reset_plugin.cpp.o] Error 1
[6.123s] gmake[1]: *** [CMakeFiles/Makefile2:137: CMakeFiles/bot_reset_plugin.dir/all] Error 2
[6.131s] gmake: *** [Makefile:146: all] Error 2
[6.188s] Invoked command in '/home/emma/turtlebot3_rl_ws/build/bot_reset_plugin' returned '2': /usr/bin/cmake --build /home/emma/turtlebot3_rl_ws/build/bot_reset_plugin -- -j4 -l4
