[0.426s] Invoking command in '/home/emma/turtlebot3_rl_ws/build/train_reset_plugin': /usr/bin/cmake --build /home/emma/turtlebot3_rl_ws/build/train_reset_plugin -- -j4 -l4
[0.544s] [35m[1mConsolidate compiler generated dependencies of target train_reset_plugin[0m
[0.620s] [ 50%] [32mBuilding CXX object CMakeFiles/train_reset_plugin.dir/src/train_reset_plugin.cpp.o[0m
[14.669s] [01m[K/home/emma/turtlebot3_rl_ws/src/train_reset_plugin/src/train_reset_plugin.cpp:[m[K In member function â€˜[01m[Kvoid gazebo::TrainResetPlugin::DisableCollisions()[m[Kâ€™:
[14.669s] [01m[K/home/emma/turtlebot3_rl_ws/src/train_reset_plugin/src/train_reset_plugin.cpp:19:19:[m[K [01;31m[Kerror: [m[Kâ€˜[01m[Kclass gazebo::physics::Link[m[Kâ€™ has no member named â€˜[01m[KSetCollisionEnabled[m[Kâ€™; did you mean â€˜[01m[KGetCollisionById[m[Kâ€™?
[14.669s]    19 |             link->[01;31m[KSetCollisionEnabled[m[K(false);
[14.669s]       |                   [01;31m[K^~~~~~~~~~~~~~~~~~~[m[K
[14.669s]       |                   [32m[KGetCollisionById[m[K
[14.671s] [01m[K/home/emma/turtlebot3_rl_ws/src/train_reset_plugin/src/train_reset_plugin.cpp:[m[K In member function â€˜[01m[Kvoid gazebo::TrainResetPlugin::EnableCollisions()[m[Kâ€™:
[14.671s] [01m[K/home/emma/turtlebot3_rl_ws/src/train_reset_plugin/src/train_reset_plugin.cpp:27:19:[m[K [01;31m[Kerror: [m[Kâ€˜[01m[Kclass gazebo::physics::Link[m[Kâ€™ has no member named â€˜[01m[KSetCollisionEnabled[m[Kâ€™; did you mean â€˜[01m[KGetCollisionById[m[Kâ€™?
[14.671s]    27 |             link->[01;31m[KSetCollisionEnabled[m[K(true);
[14.671s]       |                   [01;31m[K^~~~~~~~~~~~~~~~~~~[m[K
[14.671s]       |                   [32m[KGetCollisionById[m[K
[19.813s] gmake[2]: *** [CMakeFiles/train_reset_plugin.dir/build.make:76: CMakeFiles/train_reset_plugin.dir/src/train_reset_plugin.cpp.o] Error 1
[19.813s] gmake[1]: *** [CMakeFiles/Makefile2:137: CMakeFiles/train_reset_plugin.dir/all] Error 2
[19.814s] gmake: *** [Makefile:146: all] Error 2
[19.817s] Invoked command in '/home/emma/turtlebot3_rl_ws/build/train_reset_plugin' returned '2': /usr/bin/cmake --build /home/emma/turtlebot3_rl_ws/build/train_reset_plugin -- -j4 -l4
