[35m[1mConsolidate compiler generated dependencies of target train_reset_plugin[0m
[ 50%] [32mBuilding CXX object CMakeFiles/train_reset_plugin.dir/src/train_reset_plugin.cpp.o[0m
[01m[K/home/emma/turtlebot3_rl_ws/src/train_reset_plugin/src/train_reset_plugin.cpp:[m[K In member function â€˜[01m[Kvoid gazebo::TrainResetPlugin::OnReset(std_msgs::msg::Empty_<std::allocator<void> >::SharedPtr)[m[Kâ€™:
[01m[K/home/emma/turtlebot3_rl_ws/src/train_reset_plugin/src/train_reset_plugin.cpp:59:7:[m[K [01;31m[Kerror: [m[Kâ€˜[01m[Kleft_door_link_[m[Kâ€™ was not declared in this scope
   59 |       [01;31m[Kleft_door_link_[m[K->SetKinematic(true);
      |       [01;31m[K^~~~~~~~~~~~~~~[m[K
[01m[K/home/emma/turtlebot3_rl_ws/src/train_reset_plugin/src/train_reset_plugin.cpp:60:7:[m[K [01;31m[Kerror: [m[Kâ€˜[01m[Kright_door_link_[m[Kâ€™ was not declared in this scope
   60 |       [01;31m[Kright_door_link_[m[K->SetKinematic(true);
      |       [01;31m[K^~~~~~~~~~~~~~~~[m[K
[01m[K/home/emma/turtlebot3_rl_ws/src/train_reset_plugin/src/train_reset_plugin.cpp:[m[K In member function â€˜[01m[Kvoid gazebo::TrainResetPlugin::OnUpdate()[m[Kâ€™:
[01m[K/home/emma/turtlebot3_rl_ws/src/train_reset_plugin/src/train_reset_plugin.cpp:95:11:[m[K [01;31m[Kerror: [m[Kâ€˜[01m[Kleft_door_link_[m[Kâ€™ was not declared in this scope
   95 |           [01;31m[Kleft_door_link_[m[K->SetKinematic(false);
      |           [01;31m[K^~~~~~~~~~~~~~~[m[K
[01m[K/home/emma/turtlebot3_rl_ws/src/train_reset_plugin/src/train_reset_plugin.cpp:96:11:[m[K [01;31m[Kerror: [m[Kâ€˜[01m[Kright_door_link_[m[Kâ€™ was not declared in this scope
   96 |           [01;31m[Kright_door_link_[m[K->SetKinematic(false);
      |           [01;31m[K^~~~~~~~~~~~~~~~[m[K
gmake[2]: *** [CMakeFiles/train_reset_plugin.dir/build.make:76: CMakeFiles/train_reset_plugin.dir/src/train_reset_plugin.cpp.o] Error 1
gmake[1]: *** [CMakeFiles/Makefile2:137: CMakeFiles/train_reset_plugin.dir/all] Error 2
gmake: *** [Makefile:146: all] Error 2
