[0.246s] Invoking command in '/home/emma/turtlebot3_rl_ws/build/my_turtlebot3_gazebo': CMAKE_PREFIX_PATH=/opt/ros/humble /usr/bin/cmake /home/emma/turtlebot3_rl_ws/src/my_turtlebot3_gazebo -DCMAKE_INSTALL_PREFIX=/home/emma/turtlebot3_rl_ws/install/my_turtlebot3_gazebo
[2.274s] -- Found ament_cmake: 1.3.11 (/opt/ros/humble/share/ament_cmake/cmake)
[2.274s] -- Override CMake install command with custom implementation using symlinks instead of copying resources
[2.274s] -- Found ros_gz_sim: 0.244.16 (/opt/ros/humble/share/ros_gz_sim/cmake)
[2.275s] -- Found rosidl_generator_c: 3.1.6 (/opt/ros/humble/share/rosidl_generator_c/cmake)
[2.275s] -- Found rosidl_adapter: 3.1.6 (/opt/ros/humble/share/rosidl_adapter/cmake)
[2.275s] -- Found rosidl_generator_cpp: 3.1.6 (/opt/ros/humble/share/rosidl_generator_cpp/cmake)
[2.275s] -- Using all available rosidl_typesupport_c: rosidl_typesupport_fastrtps_c;rosidl_typesupport_introspection_c
[2.275s] -- Using all available rosidl_typesupport_cpp: rosidl_typesupport_fastrtps_cpp;rosidl_typesupport_introspection_cpp
[2.306s] -- Found rmw_implementation_cmake: 6.1.2 (/opt/ros/humble/share/rmw_implementation_cmake/cmake)
[2.309s] -- Found rmw_fastrtps_cpp: 6.2.7 (/opt/ros/humble/share/rmw_fastrtps_cpp/cmake)
[3.091s] -- Using RMW implementation 'rmw_fastrtps_cpp' as default
[3.296s] -- Found geometry_msgs: 4.8.0 (/opt/ros/humble/share/geometry_msgs/cmake)
[3.356s] -- Found nav_msgs: 4.8.0 (/opt/ros/humble/share/nav_msgs/cmake)
[3.466s] -- Found sensor_msgs: 4.8.0 (/opt/ros/humble/share/sensor_msgs/cmake)
[3.603s] -- Found tf2: 0.25.12 (/opt/ros/humble/share/tf2/cmake)
[3.968s] -- Configuring done
[4.096s] -- Generating done
[4.350s] -- Build files have been written to: /home/emma/turtlebot3_rl_ws/build/my_turtlebot3_gazebo
[4.438s] Invoked command in '/home/emma/turtlebot3_rl_ws/build/my_turtlebot3_gazebo' returned '0': CMAKE_PREFIX_PATH=/opt/ros/humble /usr/bin/cmake /home/emma/turtlebot3_rl_ws/src/my_turtlebot3_gazebo -DCMAKE_INSTALL_PREFIX=/home/emma/turtlebot3_rl_ws/install/my_turtlebot3_gazebo
[4.439s] Invoking command in '/home/emma/turtlebot3_rl_ws/build/my_turtlebot3_gazebo': CMAKE_PREFIX_PATH=/opt/ros/humble /usr/bin/cmake --build /home/emma/turtlebot3_rl_ws/build/my_turtlebot3_gazebo -- -j4 -l4
[4.887s] [ 50%] [32mBuilding CXX object CMakeFiles/turtlebot3_drive.dir/src/turtlebot3_drive.cpp.o[0m
[4.984s] [01m[K/home/emma/turtlebot3_rl_ws/src/my_turtlebot3_gazebo/src/turtlebot3_drive.cpp:17:10:[m[K [01;31m[Kfatal error: [m[Kturtlebot3_gazebo/turtlebot3_drive.hpp: No such file or directory
[4.984s]    17 | #include [01;31m[K"turtlebot3_gazebo/turtlebot3_drive.hpp"[m[K
[4.984s]       |          [01;31m[K^~~~~~~~~~~~~~~~~~~~~~~~~~~~~~~~~~~~~~~~[m[K
[4.984s] compilation terminated.
[4.993s] gmake[2]: *** [CMakeFiles/turtlebot3_drive.dir/build.make:76: CMakeFiles/turtlebot3_drive.dir/src/turtlebot3_drive.cpp.o] Error 1
[5.001s] gmake[1]: *** [CMakeFiles/Makefile2:137: CMakeFiles/turtlebot3_drive.dir/all] Error 2
[5.002s] gmake: *** [Makefile:146: all] Error 2
[5.015s] Invoked command in '/home/emma/turtlebot3_rl_ws/build/my_turtlebot3_gazebo' returned '2': CMAKE_PREFIX_PATH=/opt/ros/humble /usr/bin/cmake --build /home/emma/turtlebot3_rl_ws/build/my_turtlebot3_gazebo -- -j4 -l4
